<?xml version="1.0" encoding="UTF-8"?>
<!-- Generated by org.testng.reporters.JUnitXMLReporter -->
<testsuite ignored="0" hostname="LAPTOP-A52B1AF1" failures="0" tests="3" name="Default test" time="15.488" errors="0" timestamp="2024-07-10T22:12:45 EDT">
  <testcase classname="assignment.TestScenarios" name="ScenarioOne" time="1.996"/>
  <testcase classname="assignment.TestScenarios" name="ScenarioThree" time="5.968"/>
  <testcase classname="assignment.TestScenarios" name="ScenarioTwo" time="1.184"/>
</testsuite> <!-- Default test -->
