<?xml version="1.0" encoding="UTF-8"?>
<!-- Generated by org.testng.reporters.JUnitXMLReporter -->
<testsuite ignored="0" hostname="LAPTOP-A52B1AF1" failures="0" tests="3" name="Testing in Chrome" time="38.913" errors="0" timestamp="2024-07-10T22:51:42 EDT">
  <testcase classname="assignment.TestScenarios" name="ScenarioOne" time="7.082"/>
  <testcase classname="assignment.TestScenarios" name="ScenarioThree" time="15.625"/>
  <testcase classname="assignment.TestScenarios" name="ScenarioTwo" time="3.528"/>
</testsuite> <!-- Testing in Chrome -->
