<?xml version="1.0" encoding="UTF-8"?>
<!-- Generated by org.testng.reporters.JUnitXMLReporter -->
<testsuite ignored="0" hostname="LAPTOP-A52B1AF1" failures="0" tests="3" name="Testing in MAcOS" time="22.595" errors="0" timestamp="2024-07-10T22:51:26 EDT">
  <testcase classname="assignment.TestScenarios" name="ScenarioOne" time="2.609"/>
  <testcase classname="assignment.TestScenarios" name="ScenarioThree" time="7.48"/>
  <testcase classname="assignment.TestScenarios" name="ScenarioTwo" time="1.18"/>
</testsuite> <!-- Testing in MAcOS -->
