<?xml version="1.0" encoding="UTF-8"?>
<testng-results ignored="0" total="6" passed="6" failed="0" skipped="0">
  <reporter-output>
  </reporter-output>
  <suite started-at="2024-07-10T22:51:03 EDT" name="Suite" finished-at="2024-07-10T22:51:42 EDT" duration-ms="38913">
    <groups>
    </groups>
    <test started-at="2024-07-10T22:51:03 EDT" name="Testing in MAcOS" finished-at="2024-07-10T22:51:26 EDT" duration-ms="22595">
      <class name="assignment.TestScenarios">
        <test-method is-config="true" signature="setUp(java.lang.String,java.lang.String,java.lang.String)[pri:0, instance:assignment.TestScenarios@6150c3ec]" started-at="2024-07-10T22:51:03 EDT" name="setUp" finished-at="2024-07-10T22:51:14 EDT" duration-ms="10294" status="PASS">
          <params>
            <param index="0">
              <value>
                <![CDATA[firefox]]>
              </value>
            </param>
            <param index="1">
              <value>
                <![CDATA[latest]]>
              </value>
            </param>
            <param index="2">
              <value>
                <![CDATA[macOS Sonoma]]>
              </value>
            </param>
          </params>
          <reporter-output>
          </reporter-output>
        </test-method> <!-- setUp -->
        <test-method signature="ScenarioOne()[pri:0, instance:assignment.TestScenarios@6150c3ec]" started-at="2024-07-10T22:51:14 EDT" name="ScenarioOne" finished-at="2024-07-10T22:51:16 EDT" duration-ms="2609" status="PASS">
          <reporter-output>
          </reporter-output>
        </test-method> <!-- ScenarioOne -->
        <test-method signature="ScenarioThree()[pri:0, instance:assignment.TestScenarios@6150c3ec]" started-at="2024-07-10T22:51:16 EDT" name="ScenarioThree" finished-at="2024-07-10T22:51:24 EDT" duration-ms="7480" status="PASS">
          <reporter-output>
          </reporter-output>
        </test-method> <!-- ScenarioThree -->
        <test-method signature="ScenarioTwo()[pri:0, instance:assignment.TestScenarios@6150c3ec]" started-at="2024-07-10T22:51:24 EDT" name="ScenarioTwo" finished-at="2024-07-10T22:51:25 EDT" duration-ms="1180" status="PASS">
          <reporter-output>
          </reporter-output>
        </test-method> <!-- ScenarioTwo -->
        <test-method is-config="true" signature="TearDown()[pri:0, instance:assignment.TestScenarios@6150c3ec]" started-at="2024-07-10T22:51:25 EDT" name="TearDown" finished-at="2024-07-10T22:51:26 EDT" duration-ms="976" status="PASS">
          <reporter-output>
          </reporter-output>
        </test-method> <!-- TearDown -->
      </class> <!-- assignment.TestScenarios -->
    </test> <!-- Testing in MAcOS -->
    <test started-at="2024-07-10T22:51:03 EDT" name="Testing in Chrome" finished-at="2024-07-10T22:51:42 EDT" duration-ms="38913">
      <class name="assignment.TestScenarios">
        <test-method is-config="true" signature="setUp(java.lang.String,java.lang.String,java.lang.String)[pri:0, instance:assignment.TestScenarios@a1153bc]" started-at="2024-07-10T22:51:03 EDT" name="setUp" finished-at="2024-07-10T22:51:14 EDT" duration-ms="10625" status="PASS">
          <params>
            <param index="0">
              <value>
                <![CDATA[Chrome]]>
              </value>
            </param>
            <param index="1">
              <value>
                <![CDATA[126]]>
              </value>
            </param>
            <param index="2">
              <value>
                <![CDATA[Windows 11]]>
              </value>
            </param>
          </params>
          <reporter-output>
          </reporter-output>
        </test-method> <!-- setUp -->
        <test-method signature="ScenarioOne()[pri:0, instance:assignment.TestScenarios@a1153bc]" started-at="2024-07-10T22:51:14 EDT" name="ScenarioOne" finished-at="2024-07-10T22:51:21 EDT" duration-ms="7082" status="PASS">
          <reporter-output>
          </reporter-output>
        </test-method> <!-- ScenarioOne -->
        <test-method signature="ScenarioThree()[pri:0, instance:assignment.TestScenarios@a1153bc]" started-at="2024-07-10T22:51:21 EDT" name="ScenarioThree" finished-at="2024-07-10T22:51:37 EDT" duration-ms="15625" status="PASS">
          <reporter-output>
          </reporter-output>
        </test-method> <!-- ScenarioThree -->
        <test-method signature="ScenarioTwo()[pri:0, instance:assignment.TestScenarios@a1153bc]" started-at="2024-07-10T22:51:37 EDT" name="ScenarioTwo" finished-at="2024-07-10T22:51:40 EDT" duration-ms="3528" status="PASS">
          <reporter-output>
          </reporter-output>
        </test-method> <!-- ScenarioTwo -->
        <test-method is-config="true" signature="TearDown()[pri:0, instance:assignment.TestScenarios@a1153bc]" started-at="2024-07-10T22:51:40 EDT" name="TearDown" finished-at="2024-07-10T22:51:42 EDT" duration-ms="2031" status="PASS">
          <reporter-output>
          </reporter-output>
        </test-method> <!-- TearDown -->
      </class> <!-- assignment.TestScenarios -->
    </test> <!-- Testing in Chrome -->
  </suite> <!-- Suite -->
</testng-results>
